15-Nov-2023 17:11:55.067 INFO [main] org.apache.catalina.startup.VersionLoggerListener.log Nombre de la versión del servidor: Apache Tomcat/10.1.16
15-Nov-2023 17:11:55.070 INFO [main] org.apache.catalina.startup.VersionLoggerListener.log Server built:                      Nov 10 2023 16:17:33 UTC
15-Nov-2023 17:11:55.072 INFO [main] org.apache.catalina.startup.VersionLoggerListener.log Número de versión de servidor:     10.1.16.0
15-Nov-2023 17:11:55.072 INFO [main] org.apache.catalina.startup.VersionLoggerListener.log OS Name:                           Windows 10
15-Nov-2023 17:11:55.072 INFO [main] org.apache.catalina.startup.VersionLoggerListener.log Versión de Systema Operativo:      10.0
15-Nov-2023 17:11:55.072 INFO [main] org.apache.catalina.startup.VersionLoggerListener.log Arquitectura:                      amd64
15-Nov-2023 17:11:55.072 INFO [main] org.apache.catalina.startup.VersionLoggerListener.log Java Home:                         C:\Program Files\Java\jdk-21
15-Nov-2023 17:11:55.073 INFO [main] org.apache.catalina.startup.VersionLoggerListener.log JVM Version:                       21.0.1+12-LTS-29
15-Nov-2023 17:11:55.073 INFO [main] org.apache.catalina.startup.VersionLoggerListener.log Vededor JVM:                       Oracle Corporation
15-Nov-2023 17:11:55.073 INFO [main] org.apache.catalina.startup.VersionLoggerListener.log CATALINA_BASE:                     C:\modulo 3\apache-tomcat-10.1.16
15-Nov-2023 17:11:55.073 INFO [main] org.apache.catalina.startup.VersionLoggerListener.log CATALINA_HOME:                     C:\modulo 3\apache-tomcat-10.1.16
15-Nov-2023 17:11:55.084 INFO [main] org.apache.catalina.startup.VersionLoggerListener.log Command line argument:             -Djava.util.logging.config.file=C:\modulo 3\apache-tomcat-10.1.16\conf\logging.properties
15-Nov-2023 17:11:55.085 INFO [main] org.apache.catalina.startup.VersionLoggerListener.log Command line argument:             -Djava.util.logging.manager=org.apache.juli.ClassLoaderLogManager
15-Nov-2023 17:11:55.085 INFO [main] org.apache.catalina.startup.VersionLoggerListener.log Command line argument:             -Djdk.tls.ephemeralDHKeySize=2048
15-Nov-2023 17:11:55.085 INFO [main] org.apache.catalina.startup.VersionLoggerListener.log Command line argument:             -Djava.protocol.handler.pkgs=org.apache.catalina.webresources
15-Nov-2023 17:11:55.085 INFO [main] org.apache.catalina.startup.VersionLoggerListener.log Command line argument:             --add-opens=java.base/java.lang=ALL-UNNAMED
15-Nov-2023 17:11:55.085 INFO [main] org.apache.catalina.startup.VersionLoggerListener.log Command line argument:             --add-opens=java.base/java.io=ALL-UNNAMED
15-Nov-2023 17:11:55.086 INFO [main] org.apache.catalina.startup.VersionLoggerListener.log Command line argument:             --add-opens=java.base/java.util=ALL-UNNAMED
15-Nov-2023 17:11:55.086 INFO [main] org.apache.catalina.startup.VersionLoggerListener.log Command line argument:             --add-opens=java.base/java.util.concurrent=ALL-UNNAMED
15-Nov-2023 17:11:55.086 INFO [main] org.apache.catalina.startup.VersionLoggerListener.log Command line argument:             --add-opens=java.rmi/sun.rmi.transport=ALL-UNNAMED
15-Nov-2023 17:11:55.086 INFO [main] org.apache.catalina.startup.VersionLoggerListener.log Command line argument:             -Dcatalina.base=C:\modulo 3\apache-tomcat-10.1.16
15-Nov-2023 17:11:55.086 INFO [main] org.apache.catalina.startup.VersionLoggerListener.log Command line argument:             -Dcatalina.home=C:\modulo 3\apache-tomcat-10.1.16
15-Nov-2023 17:11:55.087 INFO [main] org.apache.catalina.startup.VersionLoggerListener.log Command line argument:             -Djava.io.tmpdir=C:\modulo 3\apache-tomcat-10.1.16\temp
15-Nov-2023 17:11:55.089 INFO [main] org.apache.catalina.core.AprLifecycleListener.lifecycleEvent Cargada la biblioteca nativa APR de Apache Tomcat [2.0.6] con la versión APR [1.7.4].
15-Nov-2023 17:11:55.094 INFO [main] org.apache.catalina.core.AprLifecycleListener.initializeSSL OpenSSL inicializado correctamente [OpenSSL 3.0.11 19 Sep 2023]
15-Nov-2023 17:11:55.343 INFO [main] org.apache.coyote.AbstractProtocol.init Inicializando el manejador de protocolo ["http-nio-8080"]

15-Nov-2023 17:11:55.365 INFO [main] org.apache.catalina.startup.Catalina.load Server initialization in [459] milliseconds
15-Nov-2023 17:11:55.415 INFO [main] org.apache.catalina.core.StandardService.startInternal Arrancando servicio [Catalina]
15-Nov-2023 17:11:55.415 INFO [main] org.apache.catalina.core.StandardEngine.startInternal Starting Servlet engine: [Apache Tomcat/10.1.16]
15-Nov-2023 17:11:55.430 INFO [main] org.apache.catalina.startup.HostConfig.deployDirectory Desplegando el directorio [C:\modulo 3\apache-tomcat-10.1.16\webapps\docs] de la aplicación web
15-Nov-2023 17:11:55.730 INFO [main] org.apache.catalina.startup.HostConfig.deployDirectory Deployment of web application directory [C:\modulo 3\apache-tomcat-10.1.16\webapps\docs] has finished in [297] ms
15-Nov-2023 17:11:55.731 INFO [main] org.apache.catalina.startup.HostConfig.deployDirectory Desplegando el directorio [C:\modulo 3\apache-tomcat-10.1.16\webapps\examples] de la aplicación web
15-Nov-2023 17:11:56.002 INFO [main] org.apache.catalina.startup.HostConfig.deployDirectory Deployment of web application directory [C:\modulo 3\apache-tomcat-10.1.16\webapps\examples] has finished in [270] ms
15-Nov-2023 17:11:56.002 INFO [main] org.apache.catalina.startup.HostConfig.deployDirectory Desplegando el directorio [C:\modulo 3\apache-tomcat-10.1.16\webapps\host-manager] de la aplicación web
15-Nov-2023 17:11:56.031 INFO [main] org.apache.catalina.startup.HostConfig.deployDirectory Deployment of web application directory [C:\modulo 3\apache-tomcat-10.1.16\webapps\host-manager] has finished in [28] ms
15-Nov-2023 17:11:56.031 INFO [main] org.apache.catalina.startup.HostConfig.deployDirectory Desplegando el directorio [C:\modulo 3\apache-tomcat-10.1.16\webapps\manager] de la aplicación web
15-Nov-2023 17:11:56.056 INFO [main] org.apache.catalina.startup.HostConfig.deployDirectory Deployment of web application directory [C:\modulo 3\apache-tomcat-10.1.16\webapps\manager] has finished in [25] ms
15-Nov-2023 17:11:56.056 INFO [main] org.apache.catalina.startup.HostConfig.deployDirectory Desplegando el directorio [C:\modulo 3\apache-tomcat-10.1.16\webapps\ROOT] de la aplicación web
15-Nov-2023 17:11:56.075 INFO [main] org.apache.catalina.startup.HostConfig.deployDirectory Deployment of web application directory [C:\modulo 3\apache-tomcat-10.1.16\webapps\ROOT] has finished in [19] ms
15-Nov-2023 17:11:56.079 INFO [main] org.apache.coyote.AbstractProtocol.start Starting ProtocolHandler ["http-nio-8080"]
15-Nov-2023 17:11:56.105 INFO [main] org.apache.catalina.startup.Catalina.start Server startup in [738] milliseconds
15-Nov-2023 17:16:26.395 INFO [Catalina-utility-1] org.apache.catalina.startup.HostConfig.deployDirectory Desplegando el directorio [C:\modulo 3\apache-tomcat-10.1.16\webapps\krakedev] de la aplicación web
15-Nov-2023 17:16:26.421 INFO [Catalina-utility-1] org.apache.catalina.startup.HostConfig.deployDirectory Deployment of web application directory [C:\modulo 3\apache-tomcat-10.1.16\webapps\krakedev] has finished in [27] ms
15-Nov-2023 17:35:27.811 INFO [Catalina-utility-2] org.apache.catalina.startup.HostConfig.deployDirectory Desplegando el directorio [C:\modulo 3\apache-tomcat-10.1.16\webapps\Juego-Ahorcado] de la aplicación web
15-Nov-2023 17:35:27.827 INFO [Catalina-utility-2] org.apache.catalina.startup.HostConfig.deployDirectory Deployment of web application directory [C:\modulo 3\apache-tomcat-10.1.16\webapps\Juego-Ahorcado] has finished in [16] ms
15-Nov-2023 17:40:28.707 INFO [Catalina-utility-1] org.apache.catalina.startup.HostConfig.undeploy Repliegue (undeploy) de la aplicación web que tiene como trayectoria de contexto [/Juego-Ahorcado]
15-Nov-2023 17:40:28.723 INFO [Catalina-utility-1] org.apache.catalina.startup.HostConfig.deployDirectory Desplegando el directorio [C:\modulo 3\apache-tomcat-10.1.16\webapps\JuegoAhorcado] de la aplicación web
15-Nov-2023 17:40:28.736 INFO [Catalina-utility-1] org.apache.catalina.startup.HostConfig.deployDirectory Deployment of web application directory [C:\modulo 3\apache-tomcat-10.1.16\webapps\JuegoAhorcado] has finished in [13] ms
