16-Nov-2023 08:17:58.631 INFO [main] org.apache.catalina.core.StandardServer.await Se ha recibido un comando de apagado a través del puerto de apagado. Parando la instancia del Servidor.
16-Nov-2023 08:17:58.633 INFO [main] org.apache.coyote.AbstractProtocol.pause Pausing ProtocolHandler ["http-nio-8080"]
16-Nov-2023 08:17:58.642 INFO [main] org.apache.catalina.core.StandardService.stopInternal Parando servicio [Catalina]
16-Nov-2023 08:17:58.655 INFO [main] org.apache.coyote.AbstractProtocol.stop Stopping ProtocolHandler ["http-nio-8080"]
16-Nov-2023 08:17:58.676 INFO [main] org.apache.coyote.AbstractProtocol.destroy Destroying ProtocolHandler ["http-nio-8080"]
16-Nov-2023 08:18:39.768 INFO [main] org.apache.catalina.startup.VersionLoggerListener.log Nombre de la versión del servidor: Apache Tomcat/10.1.16
16-Nov-2023 08:18:39.772 INFO [main] org.apache.catalina.startup.VersionLoggerListener.log Server built:                      Nov 10 2023 16:17:33 UTC
16-Nov-2023 08:18:39.772 INFO [main] org.apache.catalina.startup.VersionLoggerListener.log Número de versión de servidor:     10.1.16.0
16-Nov-2023 08:18:39.773 INFO [main] org.apache.catalina.startup.VersionLoggerListener.log OS Name:                           Windows 10
16-Nov-2023 08:18:39.773 INFO [main] org.apache.catalina.startup.VersionLoggerListener.log Versión de Systema Operativo:      10.0
16-Nov-2023 08:18:39.773 INFO [main] org.apache.catalina.startup.VersionLoggerListener.log Arquitectura:                      amd64
16-Nov-2023 08:18:39.773 INFO [main] org.apache.catalina.startup.VersionLoggerListener.log Java Home:                         C:\Program Files\Java\jdk-21
16-Nov-2023 08:18:39.773 INFO [main] org.apache.catalina.startup.VersionLoggerListener.log JVM Version:                       21.0.1+12-LTS-29
16-Nov-2023 08:18:39.773 INFO [main] org.apache.catalina.startup.VersionLoggerListener.log Vededor JVM:                       Oracle Corporation
16-Nov-2023 08:18:39.773 INFO [main] org.apache.catalina.startup.VersionLoggerListener.log CATALINA_BASE:                     C:\modulo 3\apache-tomcat-10.1.16
16-Nov-2023 08:18:39.774 INFO [main] org.apache.catalina.startup.VersionLoggerListener.log CATALINA_HOME:                     C:\modulo 3\apache-tomcat-10.1.16
16-Nov-2023 08:18:39.785 INFO [main] org.apache.catalina.startup.VersionLoggerListener.log Command line argument:             -Djava.util.logging.config.file=C:\modulo 3\apache-tomcat-10.1.16\conf\logging.properties
16-Nov-2023 08:18:39.786 INFO [main] org.apache.catalina.startup.VersionLoggerListener.log Command line argument:             -Djava.util.logging.manager=org.apache.juli.ClassLoaderLogManager
16-Nov-2023 08:18:39.786 INFO [main] org.apache.catalina.startup.VersionLoggerListener.log Command line argument:             -Djdk.tls.ephemeralDHKeySize=2048
16-Nov-2023 08:18:39.786 INFO [main] org.apache.catalina.startup.VersionLoggerListener.log Command line argument:             -Djava.protocol.handler.pkgs=org.apache.catalina.webresources
16-Nov-2023 08:18:39.787 INFO [main] org.apache.catalina.startup.VersionLoggerListener.log Command line argument:             --add-opens=java.base/java.lang=ALL-UNNAMED
16-Nov-2023 08:18:39.787 INFO [main] org.apache.catalina.startup.VersionLoggerListener.log Command line argument:             --add-opens=java.base/java.io=ALL-UNNAMED
16-Nov-2023 08:18:39.787 INFO [main] org.apache.catalina.startup.VersionLoggerListener.log Command line argument:             --add-opens=java.base/java.util=ALL-UNNAMED
16-Nov-2023 08:18:39.787 INFO [main] org.apache.catalina.startup.VersionLoggerListener.log Command line argument:             --add-opens=java.base/java.util.concurrent=ALL-UNNAMED
16-Nov-2023 08:18:39.788 INFO [main] org.apache.catalina.startup.VersionLoggerListener.log Command line argument:             --add-opens=java.rmi/sun.rmi.transport=ALL-UNNAMED
16-Nov-2023 08:18:39.788 INFO [main] org.apache.catalina.startup.VersionLoggerListener.log Command line argument:             -Dcatalina.base=C:\modulo 3\apache-tomcat-10.1.16
16-Nov-2023 08:18:39.788 INFO [main] org.apache.catalina.startup.VersionLoggerListener.log Command line argument:             -Dcatalina.home=C:\modulo 3\apache-tomcat-10.1.16
16-Nov-2023 08:18:39.788 INFO [main] org.apache.catalina.startup.VersionLoggerListener.log Command line argument:             -Djava.io.tmpdir=C:\modulo 3\apache-tomcat-10.1.16\temp
16-Nov-2023 08:18:39.806 INFO [main] org.apache.catalina.core.AprLifecycleListener.lifecycleEvent Cargada la biblioteca nativa APR de Apache Tomcat [2.0.6] con la versión APR [1.7.4].
16-Nov-2023 08:18:39.811 INFO [main] org.apache.catalina.core.AprLifecycleListener.initializeSSL OpenSSL inicializado correctamente [OpenSSL 3.0.11 19 Sep 2023]
16-Nov-2023 08:18:40.063 INFO [main] org.apache.coyote.AbstractProtocol.init Inicializando el manejador de protocolo ["http-nio-8080"]

16-Nov-2023 08:18:40.085 INFO [main] org.apache.catalina.startup.Catalina.load Server initialization in [501] milliseconds
16-Nov-2023 08:18:40.133 INFO [main] org.apache.catalina.core.StandardService.startInternal Arrancando servicio [Catalina]
16-Nov-2023 08:18:40.133 INFO [main] org.apache.catalina.core.StandardEngine.startInternal Starting Servlet engine: [Apache Tomcat/10.1.16]
16-Nov-2023 08:18:40.145 INFO [main] org.apache.catalina.startup.HostConfig.deployDirectory Desplegando el directorio [C:\modulo 3\apache-tomcat-10.1.16\webapps\docs] de la aplicación web
16-Nov-2023 08:18:40.502 INFO [main] org.apache.catalina.startup.HostConfig.deployDirectory Deployment of web application directory [C:\modulo 3\apache-tomcat-10.1.16\webapps\docs] has finished in [353] ms
16-Nov-2023 08:18:40.502 INFO [main] org.apache.catalina.startup.HostConfig.deployDirectory Desplegando el directorio [C:\modulo 3\apache-tomcat-10.1.16\webapps\examples] de la aplicación web
16-Nov-2023 08:18:41.085 INFO [main] org.apache.catalina.startup.HostConfig.deployDirectory Deployment of web application directory [C:\modulo 3\apache-tomcat-10.1.16\webapps\examples] has finished in [583] ms
16-Nov-2023 08:18:41.085 INFO [main] org.apache.catalina.startup.HostConfig.deployDirectory Desplegando el directorio [C:\modulo 3\apache-tomcat-10.1.16\webapps\host-manager] de la aplicación web
16-Nov-2023 08:18:41.117 INFO [main] org.apache.catalina.startup.HostConfig.deployDirectory Deployment of web application directory [C:\modulo 3\apache-tomcat-10.1.16\webapps\host-manager] has finished in [32] ms
16-Nov-2023 08:18:41.117 INFO [main] org.apache.catalina.startup.HostConfig.deployDirectory Desplegando el directorio [C:\modulo 3\apache-tomcat-10.1.16\webapps\JuegoAhorcado] de la aplicación web
16-Nov-2023 08:18:41.144 INFO [main] org.apache.catalina.startup.HostConfig.deployDirectory Deployment of web application directory [C:\modulo 3\apache-tomcat-10.1.16\webapps\JuegoAhorcado] has finished in [27] ms
16-Nov-2023 08:18:41.145 INFO [main] org.apache.catalina.startup.HostConfig.deployDirectory Desplegando el directorio [C:\modulo 3\apache-tomcat-10.1.16\webapps\krakedev] de la aplicación web
16-Nov-2023 08:18:41.161 INFO [main] org.apache.catalina.startup.HostConfig.deployDirectory Deployment of web application directory [C:\modulo 3\apache-tomcat-10.1.16\webapps\krakedev] has finished in [16] ms
16-Nov-2023 08:18:41.161 INFO [main] org.apache.catalina.startup.HostConfig.deployDirectory Desplegando el directorio [C:\modulo 3\apache-tomcat-10.1.16\webapps\manager] de la aplicación web
16-Nov-2023 08:18:41.184 INFO [main] org.apache.catalina.startup.HostConfig.deployDirectory Deployment of web application directory [C:\modulo 3\apache-tomcat-10.1.16\webapps\manager] has finished in [23] ms
16-Nov-2023 08:18:41.185 INFO [main] org.apache.catalina.startup.HostConfig.deployDirectory Desplegando el directorio [C:\modulo 3\apache-tomcat-10.1.16\webapps\ROOT] de la aplicación web
16-Nov-2023 08:18:41.206 INFO [main] org.apache.catalina.startup.HostConfig.deployDirectory Deployment of web application directory [C:\modulo 3\apache-tomcat-10.1.16\webapps\ROOT] has finished in [21] ms
16-Nov-2023 08:18:41.209 INFO [main] org.apache.coyote.AbstractProtocol.start Starting ProtocolHandler ["http-nio-8080"]
16-Nov-2023 08:18:41.235 INFO [main] org.apache.catalina.startup.Catalina.start Server startup in [1148] milliseconds
16-Nov-2023 10:38:54.976 INFO [Catalina-utility-1] org.apache.catalina.startup.HostConfig.deployDirectory Desplegando el directorio [C:\modulo 3\apache-tomcat-10.1.16\webapps\esmeraldasTralvels] de la aplicación web
16-Nov-2023 10:38:55.025 INFO [Catalina-utility-1] org.apache.catalina.startup.HostConfig.deployDirectory Deployment of web application directory [C:\modulo 3\apache-tomcat-10.1.16\webapps\esmeraldasTralvels] has finished in [51] ms
